<?xml version="1.0" encoding="UTF-8"?>
<!-- Generated by org.testng.reporters.JUnitXMLReporter -->
<testsuite hostname="LAPTOP-HU829229" ignored="0" name="Test" tests="4" failures="0" timestamp="04 Mar 2020 11:19:15 GMT" time="3.314" errors="0">
  <testcase name="getOfferAPIforSWTest" time="0.988" classname="com.QA.Tests.GetOfferAPITest"/>
  <testcase name="getOfferAPIforGR_TopsTest" time="0.642" classname="com.QA.Tests.GetOfferAPITest"/>
  <testcase name="getOfferAPIforKrogerTest" time="0.543" classname="com.QA.Tests.GetOfferAPITest"/>
  <testcase name="getOfferAPIforSamsTest" time="0.892" classname="com.QA.Tests.GetOfferAPITest"/>
</testsuite> <!-- Test -->
